Using pre-set license
Built from '2022.3/china_unity/release' branch; Version is '2022.3.43f1c1 (7a2282349f6f) revision 8004226'; Using compiler version '192829333'; Build Type 'Release'
OS: 'Windows 11  (10.0.22631) 64bit CoreCountrySpecific' Language: 'zh' Physical Memory: 15613 MB
BatchMode: 1, IsHumanControllingUs: 0, StartBugReporterOnCrash: 0, Is64bit: 1, IsPro: 1

COMMAND LINE ARGUMENTS:
D:\大三上\unity\2022.3.43f1c1\Editor\Unity.exe
-adb2
-batchMode
-noUpm
-name
AssetImportWorker8
-projectPath
D:/three one/game_design_project/My project (1)
-logFile
Logs/AssetImportWorker8.log
-srvPort
63341
Successfully changed project path to: D:/three one/game_design_project/My project (1)
D:/three one/game_design_project/My project (1)
[UnityMemory] Configuration Parameters - Can be set up in boot.config
    "memorysetup-bucket-allocator-granularity=16"
    "memorysetup-bucket-allocator-bucket-count=8"
    "memorysetup-bucket-allocator-block-size=33554432"
    "memorysetup-bucket-allocator-block-count=8"
    "memorysetup-main-allocator-block-size=16777216"
    "memorysetup-thread-allocator-block-size=16777216"
    "memorysetup-gfx-main-allocator-block-size=16777216"
    "memorysetup-gfx-thread-allocator-block-size=16777216"
    "memorysetup-cache-allocator-block-size=4194304"
    "memorysetup-typetree-allocator-block-size=2097152"
    "memorysetup-profiler-bucket-allocator-granularity=16"
    "memorysetup-profiler-bucket-allocator-bucket-count=8"
    "memorysetup-profiler-bucket-allocator-block-size=33554432"
    "memorysetup-profiler-bucket-allocator-block-count=8"
    "memorysetup-profiler-allocator-block-size=16777216"
    "memorysetup-profiler-editor-allocator-block-size=1048576"
    "memorysetup-temp-allocator-size-main=16777216"
    "memorysetup-job-temp-allocator-block-size=2097152"
    "memorysetup-job-temp-allocator-block-size-background=1048576"
    "memorysetup-job-temp-allocator-reduction-small-platforms=262144"
    "memorysetup-allocator-temp-initial-block-size-main=262144"
    "memorysetup-allocator-temp-initial-block-size-worker=262144"
    "memorysetup-temp-allocator-size-background-worker=32768"
    "memorysetup-temp-allocator-size-job-worker=262144"
    "memorysetup-temp-allocator-size-preload-manager=33554432"
    "memorysetup-temp-allocator-size-nav-mesh-worker=65536"
    "memorysetup-temp-allocator-size-audio-worker=65536"
    "memorysetup-temp-allocator-size-cloud-worker=32768"
    "memorysetup-temp-allocator-size-gi-baking-worker=262144"
    "memorysetup-temp-allocator-size-gfx=262144"
Player connection [47032]  Target information:

Player connection [47032]  * "[IP] 10.8.4.101 [Port] 0 [Flags] 2 [Guid] 1334852096 [EditorId] 1334852096 [Version] 1048832 [Id] WindowsEditor(7,LAPTOP-MOPIGMQA) [Debug] 1 [PackageName] WindowsEditor [ProjectName] Editor" 

Player connection [47032]  * "[IP] 172.27.48.1 [Port] 0 [Flags] 2 [Guid] 1334852096 [EditorId] 1334852096 [Version] 1048832 [Id] WindowsEditor(7,LAPTOP-MOPIGMQA) [Debug] 1 [PackageName] WindowsEditor [ProjectName] Editor" 

Player connection [47032]  * "[IP] 192.168.159.1 [Port] 0 [Flags] 2 [Guid] 1334852096 [EditorId] 1334852096 [Version] 1048832 [Id] WindowsEditor(7,LAPTOP-MOPIGMQA) [Debug] 1 [PackageName] WindowsEditor [ProjectName] Editor" 

Player connection [47032]  * "[IP] 192.168.150.1 [Port] 0 [Flags] 2 [Guid] 1334852096 [EditorId] 1334852096 [Version] 1048832 [Id] WindowsEditor(7,LAPTOP-MOPIGMQA) [Debug] 1 [PackageName] WindowsEditor [ProjectName] Editor" 

Player connection [47032]  * "[IP] 172.19.0.1 [Port] 0 [Flags] 2 [Guid] 1334852096 [EditorId] 1334852096 [Version] 1048832 [Id] WindowsEditor(7,LAPTOP-MOPIGMQA) [Debug] 1 [PackageName] WindowsEditor [ProjectName] Editor" 

Player connection [47032] Host joined multi-casting on [225.0.0.222:54997]...
Player connection [47032] Host joined alternative multi-casting on [225.0.0.222:34997]...
[PhysX] Initialized MultithreadedTaskDispatcher with 16 workers.
Refreshing native plugins compatible for Editor in 49.35 ms, found 3 plugins.
Preloading 0 native plugins for Editor in 0.00 ms.
Initialize engine version: 2022.3.43f1c1 (7a2282349f6f)
[Subsystems] Discovering subsystems at path D:/大三上/unity/2022.3.43f1c1/Editor/Data/Resources/UnitySubsystems
[Subsystems] Discovering subsystems at path D:/three one/game_design_project/My project (1)/Assets
GfxDevice: creating device client; threaded=0; jobified=0
Direct3D:
    Version:  Direct3D 11.0 [level 11.1]
    Renderer: NVIDIA GeForce RTX 3070 Laptop GPU (ID=0x249d)
    Vendor:   NVIDIA
    VRAM:     8033 MB
    Driver:   31.0.15.4680
Initialize mono
Mono path[0] = 'D:/大三上/unity/2022.3.43f1c1/Editor/Data/Managed'
Mono path[1] = 'D:/大三上/unity/2022.3.43f1c1/Editor/Data/MonoBleedingEdge/lib/mono/unityjit-win32'
Mono config path = 'D:/大三上/unity/2022.3.43f1c1/Editor/Data/MonoBleedingEdge/etc'
Using monoOptions --debugger-agent=transport=dt_socket,embedding=1,server=y,suspend=n,address=127.0.0.1:56784
Begin MonoManager ReloadAssembly
Registering precompiled unity dll's ...
Register platform support module: D:/大三上/unity/2022.3.43f1c1/Editor/Data/PlaybackEngines/WebGLSupport/UnityEditor.WebGL.Extensions.dll
Register platform support module: D:/大三上/unity/2022.3.43f1c1/Editor/Data/PlaybackEngines/WindowsStandaloneSupport/UnityEditor.WindowsStandalone.Extensions.dll
Registered in 0.013541 seconds.
- Loaded All Assemblies, in  0.455 seconds
Native extension for WindowsStandalone target not found
Native extension for WebGL target not found
Mono: successfully reloaded assembly
- Finished resetting the current domain, in  0.336 seconds
Domain Reload Profiling: 786ms
	BeginReloadAssembly (142ms)
		ExecutionOrderSort (0ms)
		DisableScriptedObjects (0ms)
		BackupInstance (0ms)
		ReleaseScriptingObjects (0ms)
		CreateAndSetChildDomain (1ms)
	RebuildCommonClasses (41ms)
	RebuildNativeTypeToScriptingClass (11ms)
	initialDomainReloadingComplete (82ms)
	LoadAllAssembliesAndSetupDomain (174ms)
		LoadAssemblies (137ms)
		RebuildTransferFunctionScriptingTraits (0ms)
		AnalyzeDomain (171ms)
			TypeCache.Refresh (170ms)
				TypeCache.ScanAssembly (154ms)
			ScanForSourceGeneratedMonoScriptInfo (0ms)
			ResolveRequiredComponents (1ms)
	FinalizeReload (337ms)
		ReleaseScriptCaches (0ms)
		RebuildScriptCaches (0ms)
		SetupLoadedEditorAssemblies (280ms)
			LogAssemblyErrors (0ms)
			InitializePlatformSupportModulesInManaged (13ms)
			SetLoadedEditorAssemblies (7ms)
			RefreshPlugins (0ms)
			BeforeProcessingInitializeOnLoad (3ms)
			ProcessInitializeOnLoadAttributes (192ms)
			ProcessInitializeOnLoadMethodAttributes (65ms)
			AfterProcessingInitializeOnLoad (0ms)
			EditorAssembliesLoaded (0ms)
		ExecutionOrderSort2 (0ms)
		AwakeInstancesAfterBackupRestoration (0ms)
========================================================================
Worker process is ready to serve import requests
Caller must complete domain reload
Begin MonoManager ReloadAssembly
Symbol file LoadedFromMemory is not a mono symbol file
- Loaded All Assemblies, in  0.975 seconds
Native extension for WindowsStandalone target not found
Native extension for WebGL target not found
Package Manager log level set to [2]
[Package Manager] Server::EnsureServerProcessIsRunning -- launch failed, reason: Unity was launched with the -noUpm command-line argument
[Package Manager] UpmClient::Send -- Unable to send message (not connected to UPM process).
[Package Manager] Cannot connect to Unity Package Manager local server
Mono: successfully reloaded assembly
- Finished resetting the current domain, in  1.181 seconds
Domain Reload Profiling: 2144ms
	BeginReloadAssembly (193ms)
		ExecutionOrderSort (0ms)
		DisableScriptedObjects (6ms)
		BackupInstance (0ms)
		ReleaseScriptingObjects (0ms)
		CreateAndSetChildDomain (30ms)
	RebuildCommonClasses (40ms)
	RebuildNativeTypeToScriptingClass (13ms)
	initialDomainReloadingComplete (62ms)
	LoadAllAssembliesAndSetupDomain (655ms)
		LoadAssemblies (484ms)
		RebuildTransferFunctionScriptingTraits (0ms)
		AnalyzeDomain (281ms)
			TypeCache.Refresh (238ms)
				TypeCache.ScanAssembly (211ms)
			ScanForSourceGeneratedMonoScriptInfo (34ms)
			ResolveRequiredComponents (8ms)
	FinalizeReload (1181ms)
		ReleaseScriptCaches (0ms)
		RebuildScriptCaches (0ms)
		SetupLoadedEditorAssemblies (989ms)
			LogAssemblyErrors (0ms)
			InitializePlatformSupportModulesInManaged (8ms)
			SetLoadedEditorAssemblies (6ms)
			RefreshPlugins (0ms)
			BeforeProcessingInitializeOnLoad (95ms)
			ProcessInitializeOnLoadAttributes (681ms)
			ProcessInitializeOnLoadMethodAttributes (184ms)
			AfterProcessingInitializeOnLoad (13ms)
			EditorAssembliesLoaded (0ms)
		ExecutionOrderSort2 (0ms)
		AwakeInstancesAfterBackupRestoration (12ms)
Shader 'Main': fallback shader 'Hidden/Shader Graph/FallbackError' not found
Shader 'Water': fallback shader 'Hidden/Shader Graph/FallbackError' not found
Shader 'Main': fallback shader 'Hidden/Shader Graph/FallbackError' not found
Shader 'Water': fallback shader 'Hidden/Shader Graph/FallbackError' not found
Launched and connected shader compiler UnityShaderCompiler.exe after 0.08 seconds
Refreshing native plugins compatible for Editor in 20.57 ms, found 3 plugins.
Preloading 0 native plugins for Editor in 0.00 ms.
Unloading 4774 Unused Serialized files (Serialized files now loaded: 0)
Unloading 44 unused Assets / (0.9 MB). Loaded Objects now: 5247.
Memory consumption went from 164.6 MB to 163.7 MB.
Total: 10.168300 ms (FindLiveObjects: 0.469900 ms CreateObjectMapping: 0.266800 ms MarkObjects: 9.022200 ms  DeleteObjects: 0.407900 ms)

AssetImportParameters requested are different than current active one (requested -> active):
  custom:container-demuxer-ogg: 62fdf1f143b41e24485cea50d1cbac27 -> 
  custom:video-codec-MediaFoundation-h265: 746d11721c4dcdbdad8f713fa42b33f4 -> 
  custom:video-decoder-ogg-theora: a1e56fd34408186e4bbccfd4996cb3dc -> 
  custom:framework-win-MediaFoundation: 216162199b28c13a410421893ffa2e32 -> 
  custom:CustomObjectIndexerAttribute: 9a22284fe3817be447336de3de66b15e -> 
  custom:container-demuxer-webm: 4f35f7cbe854078d1ac9338744f61a02 -> 
  custom:container-muxer-webm: aa71ff27fc2769a1b78a27578f13a17b -> 
  custom:video-decoder-webm-vp8: 9c59270c3fd7afecdb556c50c9e8de78 -> 
  custom:SearchIndexIgnoredProperties: e643bd26f0fe6173181afceb89e7c659 -> 
  custom:AudioImporter_EditorPlatform: d09bf68614088b80899f8185d706f6e7 -> 
  custom:video-encoder-webm-vp8: eb34c28f22e8b96e1ab97ce403110664 -> 
  custom:audio-decoder-ogg-vorbis: bf7c407c2cedff20999df2af8eb42d56 -> 
  custom:audio-encoder-webm-vorbis: bf7c407c2cedff20999df2af8eb42d56 -> 
========================================================================
Received Import Request.
  Time since last request: 112876.178954 seconds.
  path: Assets/Platformer 1 - Low Poly/Prefabs/flower_002.prefab
  artifactKey: Guid(6413e65116d95ab40a90fdba8233a5ab) Importer(815301076,1909f56bfc062723c751e8b465ee728b)
Start importing Assets/Platformer 1 - Low Poly/Prefabs/flower_002.prefab using Guid(6413e65116d95ab40a90fdba8233a5ab) Importer(815301076,1909f56bfc062723c751e8b465ee728b) [PhysX] Initialized MultithreadedTaskDispatcher with 16 workers.
[PhysX] Initialized MultithreadedTaskDispatcher with 16 workers.
 -> (artifact id: '9581ae5823d96e3c3d49053257f85631') in 0.110893 seconds
Number of updated asset objects reloaded before import = 0
Number of asset objects unloaded after import = 23
========================================================================
Received Import Request.
  Time since last request: 20.751410 seconds.
  path: Assets/Lowpoly Style/ForestPack/DemoScene/Forest_PPP_V2_Linear.asset
  artifactKey: Guid(e05fb214c7f6e9a40a32c3359905e2b3) Importer(815301076,1909f56bfc062723c751e8b465ee728b)
Start importing Assets/Lowpoly Style/ForestPack/DemoScene/Forest_PPP_V2_Linear.asset using Guid(e05fb214c7f6e9a40a32c3359905e2b3) Importer(815301076,1909f56bfc062723c751e8b465ee728b) [PhysX] Initialized MultithreadedTaskDispatcher with 16 workers.
 -> (artifact id: '291098ee566a8f475d905bb652594554') in 0.002339 seconds
Number of updated asset objects reloaded before import = 0
Number of asset objects unloaded after import = 1
========================================================================
Received Import Request.
  Time since last request: 0.000020 seconds.
  path: Assets/Lowpoly Style/ForestPack/DemoScene/RP_Waterfall.exr
  artifactKey: Guid(c50fa92408245ef45b7a9bdf14dca4be) Importer(815301076,1909f56bfc062723c751e8b465ee728b)
Start importing Assets/Lowpoly Style/ForestPack/DemoScene/RP_Waterfall.exr using Guid(c50fa92408245ef45b7a9bdf14dca4be) Importer(815301076,1909f56bfc062723c751e8b465ee728b) [PhysX] Initialized MultithreadedTaskDispatcher with 16 workers.
[PhysX] Initialized MultithreadedTaskDispatcher with 16 workers.
[PhysX] Initialized MultithreadedTaskDispatcher with 16 workers.
 -> (artifact id: 'ce6d80bb34633f24efcf22806cd015e8') in 0.054607 seconds
Number of updated asset objects reloaded before import = 0
Number of asset objects unloaded after import = 1
========================================================================
Received Import Request.
  Time since last request: 9.187566 seconds.
  path: Assets/Lowpoly Style/ForestPack/Prefabs/Bush2.prefab
  artifactKey: Guid(578b79da386ab7d4fa2a018ea2019638) Importer(815301076,1909f56bfc062723c751e8b465ee728b)
Start importing Assets/Lowpoly Style/ForestPack/Prefabs/Bush2.prefab using Guid(578b79da386ab7d4fa2a018ea2019638) Importer(815301076,1909f56bfc062723c751e8b465ee728b) [PhysX] Initialized MultithreadedTaskDispatcher with 16 workers.
[PhysX] Initialized MultithreadedTaskDispatcher with 16 workers.
 -> (artifact id: 'bb2ab346d40ed882d7ad8fe01ea4e901') in 0.033762 seconds
Number of updated asset objects reloaded before import = 0
Number of asset objects unloaded after import = 10
========================================================================
Received Import Request.
  Time since last request: 0.055419 seconds.
  path: Assets/Lowpoly Style/ForestPack/Prefabs/Conifer2_Distant.prefab
  artifactKey: Guid(a63c539d4a2a1824fbc5018158426484) Importer(815301076,1909f56bfc062723c751e8b465ee728b)
Start importing Assets/Lowpoly Style/ForestPack/Prefabs/Conifer2_Distant.prefab using Guid(a63c539d4a2a1824fbc5018158426484) Importer(815301076,1909f56bfc062723c751e8b465ee728b) [PhysX] Initialized MultithreadedTaskDispatcher with 16 workers.
[PhysX] Initialized MultithreadedTaskDispatcher with 16 workers.
 -> (artifact id: 'd13e3368ccb2fa767596e423c240fb12') in 0.028335 seconds
Number of updated asset objects reloaded before import = 0
Number of asset objects unloaded after import = 10
========================================================================
Received Import Request.
  Time since last request: 0.000028 seconds.
  path: Assets/Lowpoly Style/ForestPack/Prefabs/TorchBig_Burning.prefab
  artifactKey: Guid(1372699b5540c7a4ebb2474edecfeada) Importer(815301076,1909f56bfc062723c751e8b465ee728b)
Start importing Assets/Lowpoly Style/ForestPack/Prefabs/TorchBig_Burning.prefab using Guid(1372699b5540c7a4ebb2474edecfeada) Importer(815301076,1909f56bfc062723c751e8b465ee728b) [PhysX] Initialized MultithreadedTaskDispatcher with 16 workers.
[PhysX] Initialized MultithreadedTaskDispatcher with 16 workers.
 -> (artifact id: '53b7e5385854ead154ff106932703100') in 0.030077 seconds
Number of updated asset objects reloaded before import = 0
Number of asset objects unloaded after import = 22
========================================================================
Received Import Request.
  Time since last request: 0.000024 seconds.
  path: Assets/Lowpoly Style/ForestPack/Prefabs/WoodenPole1.prefab
  artifactKey: Guid(e63b5589d71179740828a694c8cb8b3c) Importer(815301076,1909f56bfc062723c751e8b465ee728b)
Start importing Assets/Lowpoly Style/ForestPack/Prefabs/WoodenPole1.prefab using Guid(e63b5589d71179740828a694c8cb8b3c) Importer(815301076,1909f56bfc062723c751e8b465ee728b) [PhysX] Initialized MultithreadedTaskDispatcher with 16 workers.
[PhysX] Initialized MultithreadedTaskDispatcher with 16 workers.
 -> (artifact id: '206a9c5bd0bea3fe3b5b743d3fb39734') in 0.027579 seconds
Number of updated asset objects reloaded before import = 0
Number of asset objects unloaded after import = 10
========================================================================
Received Import Request.
  Time since last request: 0.000022 seconds.
  path: Assets/Lowpoly Style/ForestPack/Prefabs/Tree2.prefab
  artifactKey: Guid(71b083a0cf9ea6043871c9e333764617) Importer(815301076,1909f56bfc062723c751e8b465ee728b)
Start importing Assets/Lowpoly Style/ForestPack/Prefabs/Tree2.prefab using Guid(71b083a0cf9ea6043871c9e333764617) Importer(815301076,1909f56bfc062723c751e8b465ee728b) [PhysX] Initialized MultithreadedTaskDispatcher with 16 workers.
[PhysX] Initialized MultithreadedTaskDispatcher with 16 workers.
 -> (artifact id: '80ad906de959e5166ee63607d7313abb') in 0.028218 seconds
Number of updated asset objects reloaded before import = 0
Number of asset objects unloaded after import = 10
========================================================================
Received Import Request.
  Time since last request: 0.000031 seconds.
  path: Assets/Lowpoly Style/ForestPack/Prefabs/TreeDead1.prefab
  artifactKey: Guid(63f03ab865b4a4f41918da8dc3287175) Importer(815301076,1909f56bfc062723c751e8b465ee728b)
Start importing Assets/Lowpoly Style/ForestPack/Prefabs/TreeDead1.prefab using Guid(63f03ab865b4a4f41918da8dc3287175) Importer(815301076,1909f56bfc062723c751e8b465ee728b) [PhysX] Initialized MultithreadedTaskDispatcher with 16 workers.
[PhysX] Initialized MultithreadedTaskDispatcher with 16 workers.
 -> (artifact id: 'b4403fba33b1a11beda16511c0837157') in 0.027973 seconds
Number of updated asset objects reloaded before import = 0
Number of asset objects unloaded after import = 11
========================================================================
Received Import Request.
  Time since last request: 0.000025 seconds.
  path: Assets/Lowpoly Style/ForestPack/Prefabs/TreeDead2.prefab
  artifactKey: Guid(7409cb2d34ac40f4380be257c958fe5e) Importer(815301076,1909f56bfc062723c751e8b465ee728b)
Start importing Assets/Lowpoly Style/ForestPack/Prefabs/TreeDead2.prefab using Guid(7409cb2d34ac40f4380be257c958fe5e) Importer(815301076,1909f56bfc062723c751e8b465ee728b) [PhysX] Initialized MultithreadedTaskDispatcher with 16 workers.
[PhysX] Initialized MultithreadedTaskDispatcher with 16 workers.
 -> (artifact id: '723846419b4ab9d070523b0b59bce14b') in 0.026190 seconds
Number of updated asset objects reloaded before import = 0
Number of asset objects unloaded after import = 12
========================================================================
Received Import Request.
  Time since last request: 0.000036 seconds.
  path: Assets/Lowpoly Style/ForestPack/Prefabs/Ladder.prefab
  artifactKey: Guid(af037777d89b8c040b5f6c3c04568c7e) Importer(815301076,1909f56bfc062723c751e8b465ee728b)
Start importing Assets/Lowpoly Style/ForestPack/Prefabs/Ladder.prefab using Guid(af037777d89b8c040b5f6c3c04568c7e) Importer(815301076,1909f56bfc062723c751e8b465ee728b) [PhysX] Initialized MultithreadedTaskDispatcher with 16 workers.
[PhysX] Initialized MultithreadedTaskDispatcher with 16 workers.
 -> (artifact id: 'f767f831a6389b9af6cf883568e74efa') in 0.025577 seconds
Number of updated asset objects reloaded before import = 0
Number of asset objects unloaded after import = 10
========================================================================
Received Import Request.
  Time since last request: 27.667399 seconds.
  path: Assets/Platformer 1 - Low Poly/Prefabs/flower_003.prefab
  artifactKey: Guid(c68ffeba734aa9c4f8782fca72651520) Importer(815301076,1909f56bfc062723c751e8b465ee728b)
Start importing Assets/Platformer 1 - Low Poly/Prefabs/flower_003.prefab using Guid(c68ffeba734aa9c4f8782fca72651520) Importer(815301076,1909f56bfc062723c751e8b465ee728b) [PhysX] Initialized MultithreadedTaskDispatcher with 16 workers.
[PhysX] Initialized MultithreadedTaskDispatcher with 16 workers.
 -> (artifact id: '57fa1fa5cf49787a8eef609064e33f52') in 0.019164 seconds
Number of updated asset objects reloaded before import = 0
Number of asset objects unloaded after import = 23
========================================================================
Received Import Request.
  Time since last request: 0.688960 seconds.
  path: Assets/Platformer 1 - Low Poly/Prefabs/obstacle_8_001.prefab
  artifactKey: Guid(f014c04aee2bf09438670262e56fdea5) Importer(815301076,1909f56bfc062723c751e8b465ee728b)
Start importing Assets/Platformer 1 - Low Poly/Prefabs/obstacle_8_001.prefab using Guid(f014c04aee2bf09438670262e56fdea5) Importer(815301076,1909f56bfc062723c751e8b465ee728b) [PhysX] Initialized MultithreadedTaskDispatcher with 16 workers.
[PhysX] Initialized MultithreadedTaskDispatcher with 16 workers.
 -> (artifact id: 'ff97ae31c108ae25abd794e0d9bb0df6') in 0.018991 seconds
Number of updated asset objects reloaded before import = 0
Number of asset objects unloaded after import = 43
========================================================================
Received Import Request.
  Time since last request: 282.884968 seconds.
  path: Assets/Platformer 1 - Low Poly/Prefabs/grass_001.prefab
  artifactKey: Guid(0c6b381065479af4683ece8d49933cd1) Importer(815301076,1909f56bfc062723c751e8b465ee728b)
Start importing Assets/Platformer 1 - Low Poly/Prefabs/grass_001.prefab using Guid(0c6b381065479af4683ece8d49933cd1) Importer(815301076,1909f56bfc062723c751e8b465ee728b) [PhysX] Initialized MultithreadedTaskDispatcher with 16 workers.
[PhysX] Initialized MultithreadedTaskDispatcher with 16 workers.
 -> (artifact id: '2aeee22572f6fd3ef237f80c224ce95d') in 0.021670 seconds
Number of updated asset objects reloaded before import = 0
Number of asset objects unloaded after import = 23
========================================================================
Received Prepare
Caller must complete domain reload
Begin MonoManager ReloadAssembly
Symbol file LoadedFromMemory is not a mono symbol file
- Loaded All Assemblies, in  0.867 seconds
Native extension for WindowsStandalone target not found
Native extension for WebGL target not found
[Package Manager] Server::EnsureServerProcessIsRunning -- launch failed, reason: Unity was launched with the -noUpm command-line argument
[Package Manager] UpmClient::Send -- Unable to send message (not connected to UPM process).
[Package Manager] Cannot connect to Unity Package Manager local server
Mono: successfully reloaded assembly
- Finished resetting the current domain, in  2.195 seconds
Domain Reload Profiling: 3046ms
	BeginReloadAssembly (241ms)
		ExecutionOrderSort (0ms)
		DisableScriptedObjects (8ms)
		BackupInstance (0ms)
		ReleaseScriptingObjects (0ms)
		CreateAndSetChildDomain (69ms)
	RebuildCommonClasses (35ms)
	RebuildNativeTypeToScriptingClass (11ms)
	initialDomainReloadingComplete (47ms)
	LoadAllAssembliesAndSetupDomain (516ms)
		LoadAssemblies (601ms)
		RebuildTransferFunctionScriptingTraits (0ms)
		AnalyzeDomain (30ms)
			TypeCache.Refresh (15ms)
				TypeCache.ScanAssembly (0ms)
			ScanForSourceGeneratedMonoScriptInfo (0ms)
			ResolveRequiredComponents (13ms)
	FinalizeReload (2195ms)
		ReleaseScriptCaches (0ms)
		RebuildScriptCaches (0ms)
		SetupLoadedEditorAssemblies (1104ms)
			LogAssemblyErrors (0ms)
			InitializePlatformSupportModulesInManaged (8ms)
			SetLoadedEditorAssemblies (8ms)
			RefreshPlugins (0ms)
			BeforeProcessingInitializeOnLoad (112ms)
			ProcessInitializeOnLoadAttributes (750ms)
			ProcessInitializeOnLoadMethodAttributes (208ms)
			AfterProcessingInitializeOnLoad (17ms)
			EditorAssembliesLoaded (1ms)
		ExecutionOrderSort2 (0ms)
		AwakeInstancesAfterBackupRestoration (17ms)
Shader 'Main': fallback shader 'Hidden/Shader Graph/FallbackError' not found
Shader 'Water': fallback shader 'Hidden/Shader Graph/FallbackError' not found
Shader 'Main': fallback shader 'Hidden/Shader Graph/FallbackError' not found
Shader 'Water': fallback shader 'Hidden/Shader Graph/FallbackError' not found
Refreshing native plugins compatible for Editor in 26.04 ms, found 3 plugins.
Preloading 0 native plugins for Editor in 0.00 ms.
Unloading 4752 Unused Serialized files (Serialized files now loaded: 0)
Unloading 21 unused Assets / (0.9 MB). Loaded Objects now: 5295.
Memory consumption went from 164.4 MB to 163.6 MB.
Total: 12.379600 ms (FindLiveObjects: 0.728600 ms CreateObjectMapping: 0.307500 ms MarkObjects: 10.931300 ms  DeleteObjects: 0.410800 ms)

Prepare: number of updated asset objects reloaded= 0
AssetImportParameters requested are different than current active one (requested -> active):
  custom:container-demuxer-ogg: 62fdf1f143b41e24485cea50d1cbac27 -> 
  custom:video-codec-MediaFoundation-h265: 746d11721c4dcdbdad8f713fa42b33f4 -> 
  custom:video-decoder-ogg-theora: a1e56fd34408186e4bbccfd4996cb3dc -> 
  custom:framework-win-MediaFoundation: 216162199b28c13a410421893ffa2e32 -> 
  custom:CustomObjectIndexerAttribute: 9a22284fe3817be447336de3de66b15e -> 
  custom:container-demuxer-webm: 4f35f7cbe854078d1ac9338744f61a02 -> 
  custom:container-muxer-webm: aa71ff27fc2769a1b78a27578f13a17b -> 
  custom:video-decoder-webm-vp8: 9c59270c3fd7afecdb556c50c9e8de78 -> 
  custom:SearchIndexIgnoredProperties: e643bd26f0fe6173181afceb89e7c659 -> 
  custom:AudioImporter_EditorPlatform: d09bf68614088b80899f8185d706f6e7 -> 
  custom:video-encoder-webm-vp8: eb34c28f22e8b96e1ab97ce403110664 -> 
  custom:audio-decoder-ogg-vorbis: bf7c407c2cedff20999df2af8eb42d56 -> 
  custom:audio-encoder-webm-vorbis: bf7c407c2cedff20999df2af8eb42d56 -> 
========================================================================
Received Import Request.
  Time since last request: 123.121499 seconds.
  path: Assets/Platformer 1 - Low Poly/Prefabs/flower_001.prefab
  artifactKey: Guid(e713f7148f306a04e8607b4e2c773921) Importer(815301076,1909f56bfc062723c751e8b465ee728b)
Start importing Assets/Platformer 1 - Low Poly/Prefabs/flower_001.prefab using Guid(e713f7148f306a04e8607b4e2c773921) Importer(815301076,1909f56bfc062723c751e8b465ee728b) [PhysX] Initialized MultithreadedTaskDispatcher with 16 workers.
 -> (artifact id: '4a82333ae0f72ee1902ab1ca1604e5fc') in 0.003163 seconds
Number of updated asset objects reloaded before import = 0
Number of asset objects unloaded after import = 0
========================================================================
Received Import Request.
  Time since last request: 0.000021 seconds.
  path: Assets/Platformer 1 - Low Poly/Prefabs/obstacle_4_001.prefab
  artifactKey: Guid(8237d70f9aa32ca43ba64daffaa72763) Importer(815301076,1909f56bfc062723c751e8b465ee728b)
Start importing Assets/Platformer 1 - Low Poly/Prefabs/obstacle_4_001.prefab using Guid(8237d70f9aa32ca43ba64daffaa72763) Importer(815301076,1909f56bfc062723c751e8b465ee728b) [PhysX] Initialized MultithreadedTaskDispatcher with 16 workers.
 -> (artifact id: '91f3da27dd853f2abdcc169991f7043e') in 0.000798 seconds
Number of updated asset objects reloaded before import = 0
Number of asset objects unloaded after import = 0
========================================================================
Received Import Request.
  Time since last request: 1.396011 seconds.
  path: Assets/Platformer 1 - Low Poly/Prefabs/obstacle_11_001.prefab
  artifactKey: Guid(7b9e965bf75f2324c81405abeb81e69c) Importer(815301076,1909f56bfc062723c751e8b465ee728b)
Start importing Assets/Platformer 1 - Low Poly/Prefabs/obstacle_11_001.prefab using Guid(7b9e965bf75f2324c81405abeb81e69c) Importer(815301076,1909f56bfc062723c751e8b465ee728b) [PhysX] Initialized MultithreadedTaskDispatcher with 16 workers.
 -> (artifact id: '517e8032b3b3b1693cb47291f949d468') in 0.000876 seconds
Number of updated asset objects reloaded before import = 0
Number of asset objects unloaded after import = 0
========================================================================
Received Import Request.
  Time since last request: 129.950476 seconds.
  path: Assets/Downtown Game Studio/LOW POLY ASSETS - Animated Traps & Obstacles + VFX/Materials/Material.001 1.mat
  artifactKey: Guid(d4de221c2c3d64c49b80427db1d5bce4) Importer(815301076,1909f56bfc062723c751e8b465ee728b)
Start importing Assets/Downtown Game Studio/LOW POLY ASSETS - Animated Traps & Obstacles + VFX/Materials/Material.001 1.mat using Guid(d4de221c2c3d64c49b80427db1d5bce4) Importer(815301076,1909f56bfc062723c751e8b465ee728b) [PhysX] Initialized MultithreadedTaskDispatcher with 16 workers.
[PhysX] Initialized MultithreadedTaskDispatcher with 16 workers.
 -> (artifact id: 'd580bdf3ad3a013a6650aacb43d14b69') in 0.079738 seconds
Number of updated asset objects reloaded before import = 0
Number of asset objects unloaded after import = 2
========================================================================
Received Import Request.
  Time since last request: 0.012426 seconds.
  path: Assets/Downtown Game Studio/LOW POLY ASSETS - Animated Traps & Obstacles + VFX/Materials/Material.001 2.mat
  artifactKey: Guid(cba5f537ca2c46842b6642bfbf4bb94e) Importer(815301076,1909f56bfc062723c751e8b465ee728b)
Start importing Assets/Downtown Game Studio/LOW POLY ASSETS - Animated Traps & Obstacles + VFX/Materials/Material.001 2.mat using Guid(cba5f537ca2c46842b6642bfbf4bb94e) Importer(815301076,1909f56bfc062723c751e8b465ee728b) [PhysX] Initialized MultithreadedTaskDispatcher with 16 workers.
[PhysX] Initialized MultithreadedTaskDispatcher with 16 workers.
 -> (artifact id: '02b2ad492e72782e2310f7dfa5cd1108') in 0.024600 seconds
Number of updated asset objects reloaded before import = 0
Number of asset objects unloaded after import = 1
========================================================================
Received Import Request.
  Time since last request: 0.000034 seconds.
  path: Assets/Downtown Game Studio/LOW POLY ASSETS - Animated Traps & Obstacles + VFX/Materials/Obstacles.mat
  artifactKey: Guid(e8c4828480346234b937ad2e6529f605) Importer(815301076,1909f56bfc062723c751e8b465ee728b)
Start importing Assets/Downtown Game Studio/LOW POLY ASSETS - Animated Traps & Obstacles + VFX/Materials/Obstacles.mat using Guid(e8c4828480346234b937ad2e6529f605) Importer(815301076,1909f56bfc062723c751e8b465ee728b) [PhysX] Initialized MultithreadedTaskDispatcher with 16 workers.
[PhysX] Initialized MultithreadedTaskDispatcher with 16 workers.
 -> (artifact id: '33d2c8a2ed8e2b72f28e3ef6188113e1') in 0.018492 seconds
Number of updated asset objects reloaded before import = 0
Number of asset objects unloaded after import = 4
========================================================================
Received Import Request.
  Time since last request: 32.540121 seconds.
  path: Assets/Downtown Game Studio/LOW POLY ASSETS - Animated Traps & Obstacles + VFX/Prefabs/Ground 3.prefab
  artifactKey: Guid(b1c50dc7473a2f143a80cc7ea207d36c) Importer(815301076,1909f56bfc062723c751e8b465ee728b)
Start importing Assets/Downtown Game Studio/LOW POLY ASSETS - Animated Traps & Obstacles + VFX/Prefabs/Ground 3.prefab using Guid(b1c50dc7473a2f143a80cc7ea207d36c) Importer(815301076,1909f56bfc062723c751e8b465ee728b) [PhysX] Initialized MultithreadedTaskDispatcher with 16 workers.
[PhysX] Initialized MultithreadedTaskDispatcher with 16 workers.
 -> (artifact id: '9ee3051493321e37a21c06d5c08f233d') in 0.040589 seconds
Number of updated asset objects reloaded before import = 0
Number of asset objects unloaded after import = 10
========================================================================
Received Import Request.
  Time since last request: 0.072378 seconds.
  path: Assets/Downtown Game Studio/LOW POLY ASSETS - Animated Traps & Obstacles + VFX/Prefabs/Obstacle 1 V1.prefab
  artifactKey: Guid(a904ad9576c302c4a91bb3bfd26bb390) Importer(815301076,1909f56bfc062723c751e8b465ee728b)
Start importing Assets/Downtown Game Studio/LOW POLY ASSETS - Animated Traps & Obstacles + VFX/Prefabs/Obstacle 1 V1.prefab using Guid(a904ad9576c302c4a91bb3bfd26bb390) Importer(815301076,1909f56bfc062723c751e8b465ee728b) [PhysX] Initialized MultithreadedTaskDispatcher with 16 workers.
[PhysX] Initialized MultithreadedTaskDispatcher with 16 workers.
 -> (artifact id: '41555b094b5b1d0cd70a844a95f5388e') in 0.047351 seconds
Number of updated asset objects reloaded before import = 0
Number of asset objects unloaded after import = 23
========================================================================
Received Import Request.
  Time since last request: 0.000029 seconds.
  path: Assets/Downtown Game Studio/LOW POLY ASSETS - Animated Traps & Obstacles + VFX/Prefabs/Obstacle 15 V4.prefab
  artifactKey: Guid(b2d4346d8e4d6fd48997490c442347df) Importer(815301076,1909f56bfc062723c751e8b465ee728b)
Start importing Assets/Downtown Game Studio/LOW POLY ASSETS - Animated Traps & Obstacles + VFX/Prefabs/Obstacle 15 V4.prefab using Guid(b2d4346d8e4d6fd48997490c442347df) Importer(815301076,1909f56bfc062723c751e8b465ee728b) [PhysX] Initialized MultithreadedTaskDispatcher with 16 workers.
[PhysX] Initialized MultithreadedTaskDispatcher with 16 workers.
 -> (artifact id: '36c1ce455d1b6c845f7ef59082679e31') in 0.030847 seconds
Number of updated asset objects reloaded before import = 0
Number of asset objects unloaded after import = 11
========================================================================
Received Import Request.
  Time since last request: 0.000027 seconds.
  path: Assets/Downtown Game Studio/LOW POLY ASSETS - Animated Traps & Obstacles + VFX/Prefabs/Obstacle 9 V3.prefab
  artifactKey: Guid(fa5a9864fbdcf9b40ba3644eb9334d86) Importer(815301076,1909f56bfc062723c751e8b465ee728b)
Start importing Assets/Downtown Game Studio/LOW POLY ASSETS - Animated Traps & Obstacles + VFX/Prefabs/Obstacle 9 V3.prefab using Guid(fa5a9864fbdcf9b40ba3644eb9334d86) Importer(815301076,1909f56bfc062723c751e8b465ee728b) [PhysX] Initialized MultithreadedTaskDispatcher with 16 workers.
[PhysX] Initialized MultithreadedTaskDispatcher with 16 workers.
 -> (artifact id: 'fc2cbf6be88dfc01e5346580c3b0a2de') in 0.055169 seconds
Number of updated asset objects reloaded before import = 0
Number of asset objects unloaded after import = 23
========================================================================
Received Import Request.
  Time since last request: 0.000030 seconds.
  path: Assets/Downtown Game Studio/LOW POLY ASSETS - Animated Traps & Obstacles + VFX/Prefabs/Obstacle 8 V4.prefab
  artifactKey: Guid(65bc600e45d0e8e4e9ef1add70342aa9) Importer(815301076,1909f56bfc062723c751e8b465ee728b)
Start importing Assets/Downtown Game Studio/LOW POLY ASSETS - Animated Traps & Obstacles + VFX/Prefabs/Obstacle 8 V4.prefab using Guid(65bc600e45d0e8e4e9ef1add70342aa9) Importer(815301076,1909f56bfc062723c751e8b465ee728b) [PhysX] Initialized MultithreadedTaskDispatcher with 16 workers.
 -> (artifact id: 'd62f1bebeaceb00d409013b32830148e') in 0.021913 seconds
Number of updated asset objects reloaded before import = 0
Number of asset objects unloaded after import = 0
========================================================================
Received Import Request.
  Time since last request: 0.000040 seconds.
  path: Assets/Downtown Game Studio/LOW POLY ASSETS - Animated Traps & Obstacles + VFX/Prefabs/Obstacle 8 V2.prefab
  artifactKey: Guid(f2895d56b1ba31f4e9fc0c3df73be7db) Importer(815301076,1909f56bfc062723c751e8b465ee728b)
Start importing Assets/Downtown Game Studio/LOW POLY ASSETS - Animated Traps & Obstacles + VFX/Prefabs/Obstacle 8 V2.prefab using Guid(f2895d56b1ba31f4e9fc0c3df73be7db) Importer(815301076,1909f56bfc062723c751e8b465ee728b) [PhysX] Initialized MultithreadedTaskDispatcher with 16 workers.
 -> (artifact id: '0523a2012e45967a2daa9da03047e344') in 0.023971 seconds
Number of updated asset objects reloaded before import = 0
Number of asset objects unloaded after import = 0
========================================================================
Received Import Request.
  Time since last request: 0.000078 seconds.
  path: Assets/Downtown Game Studio/LOW POLY ASSETS - Animated Traps & Obstacles + VFX/Prefabs/Obstacle 14 V1.prefab
  artifactKey: Guid(edd2fe7c3cc1f044aa73f0ff1ac9e29c) Importer(815301076,1909f56bfc062723c751e8b465ee728b)
Start importing Assets/Downtown Game Studio/LOW POLY ASSETS - Animated Traps & Obstacles + VFX/Prefabs/Obstacle 14 V1.prefab using Guid(edd2fe7c3cc1f044aa73f0ff1ac9e29c) Importer(815301076,1909f56bfc062723c751e8b465ee728b) [PhysX] Initialized MultithreadedTaskDispatcher with 16 workers.
[PhysX] Initialized MultithreadedTaskDispatcher with 16 workers.
 -> (artifact id: 'cadb3dcc97bafd6b1199c4d8b8162b27') in 0.037590 seconds
Number of updated asset objects reloaded before import = 0
Number of asset objects unloaded after import = 23
========================================================================
Received Import Request.
  Time since last request: 0.000033 seconds.
  path: Assets/Downtown Game Studio/LOW POLY ASSETS - Animated Traps & Obstacles + VFX/Prefabs/Obstacle 11 V3.prefab
  artifactKey: Guid(d785f9e2b1067b9428b85804e8f15eda) Importer(815301076,1909f56bfc062723c751e8b465ee728b)
Start importing Assets/Downtown Game Studio/LOW POLY ASSETS - Animated Traps & Obstacles + VFX/Prefabs/Obstacle 11 V3.prefab using Guid(d785f9e2b1067b9428b85804e8f15eda) Importer(815301076,1909f56bfc062723c751e8b465ee728b) [PhysX] Initialized MultithreadedTaskDispatcher with 16 workers.
[PhysX] Initialized MultithreadedTaskDispatcher with 16 workers.
 -> (artifact id: '071d2a56099e04b6660aaa193b419fe2') in 0.056396 seconds
Number of updated asset objects reloaded before import = 0
Number of asset objects unloaded after import = 23
========================================================================
Received Import Request.
  Time since last request: 0.000026 seconds.
  path: Assets/Downtown Game Studio/LOW POLY ASSETS - Animated Traps & Obstacles + VFX/Prefabs/Obstacle 11 V2.prefab
  artifactKey: Guid(706cf545fab7db040b9bcf1ca8553c5a) Importer(815301076,1909f56bfc062723c751e8b465ee728b)
Start importing Assets/Downtown Game Studio/LOW POLY ASSETS - Animated Traps & Obstacles + VFX/Prefabs/Obstacle 11 V2.prefab using Guid(706cf545fab7db040b9bcf1ca8553c5a) Importer(815301076,1909f56bfc062723c751e8b465ee728b) [PhysX] Initialized MultithreadedTaskDispatcher with 16 workers.
[PhysX] Initialized MultithreadedTaskDispatcher with 16 workers.
 -> (artifact id: '31b8fbd099cef995a14aae4df7ad829f') in 0.036473 seconds
Number of updated asset objects reloaded before import = 0
Number of asset objects unloaded after import = 23
========================================================================
Received Import Request.
  Time since last request: 0.000026 seconds.
  path: Assets/Downtown Game Studio/LOW POLY ASSETS - Animated Traps & Obstacles + VFX/Prefabs/Obstacle 3 V1.prefab
  artifactKey: Guid(08573894023675c408767504dc3a7bb4) Importer(815301076,1909f56bfc062723c751e8b465ee728b)
Start importing Assets/Downtown Game Studio/LOW POLY ASSETS - Animated Traps & Obstacles + VFX/Prefabs/Obstacle 3 V1.prefab using Guid(08573894023675c408767504dc3a7bb4) Importer(815301076,1909f56bfc062723c751e8b465ee728b) [PhysX] Initialized MultithreadedTaskDispatcher with 16 workers.
[PhysX] Initialized MultithreadedTaskDispatcher with 16 workers.
 -> (artifact id: '553db32e711ee151c0359fd6ea33a585') in 0.059351 seconds
Number of updated asset objects reloaded before import = 0
Number of asset objects unloaded after import = 23
========================================================================
Received Import Request.
  Time since last request: 0.000035 seconds.
  path: Assets/Downtown Game Studio/LOW POLY ASSETS - Animated Traps & Obstacles + VFX/Prefabs/Obstacle 11 V1.prefab
  artifactKey: Guid(57853a05f8ba0c84eb241751c095b261) Importer(815301076,1909f56bfc062723c751e8b465ee728b)
Start importing Assets/Downtown Game Studio/LOW POLY ASSETS - Animated Traps & Obstacles + VFX/Prefabs/Obstacle 11 V1.prefab using Guid(57853a05f8ba0c84eb241751c095b261) Importer(815301076,1909f56bfc062723c751e8b465ee728b) [PhysX] Initialized MultithreadedTaskDispatcher with 16 workers.
[PhysX] Initialized MultithreadedTaskDispatcher with 16 workers.
 -> (artifact id: '66e60bc7fa9736fb1372dc07073ed371') in 0.036513 seconds
Number of updated asset objects reloaded before import = 0
Number of asset objects unloaded after import = 23
========================================================================
Received Import Request.
  Time since last request: 0.000065 seconds.
  path: Assets/Downtown Game Studio/LOW POLY ASSETS - Animated Traps & Obstacles + VFX/Prefabs/Obstacle 12 V1.prefab
  artifactKey: Guid(0b818c20c57e9a941904e246a07baf6f) Importer(815301076,1909f56bfc062723c751e8b465ee728b)
Start importing Assets/Downtown Game Studio/LOW POLY ASSETS - Animated Traps & Obstacles + VFX/Prefabs/Obstacle 12 V1.prefab using Guid(0b818c20c57e9a941904e246a07baf6f) Importer(815301076,1909f56bfc062723c751e8b465ee728b) [PhysX] Initialized MultithreadedTaskDispatcher with 16 workers.
[PhysX] Initialized MultithreadedTaskDispatcher with 16 workers.
 -> (artifact id: '037656e080aa006c7e18cbf62ee42359') in 0.037250 seconds
Number of updated asset objects reloaded before import = 0
Number of asset objects unloaded after import = 23
========================================================================
Received Import Request.
  Time since last request: 0.000036 seconds.
  path: Assets/Downtown Game Studio/LOW POLY ASSETS - Animated Traps & Obstacles + VFX/Prefabs/Obstacle 15 V1.prefab
  artifactKey: Guid(01650e4aace8b664aa0e3dc839a3c4d4) Importer(815301076,1909f56bfc062723c751e8b465ee728b)
Start importing Assets/Downtown Game Studio/LOW POLY ASSETS - Animated Traps & Obstacles + VFX/Prefabs/Obstacle 15 V1.prefab using Guid(01650e4aace8b664aa0e3dc839a3c4d4) Importer(815301076,1909f56bfc062723c751e8b465ee728b) [PhysX] Initialized MultithreadedTaskDispatcher with 16 workers.
[PhysX] Initialized MultithreadedTaskDispatcher with 16 workers.
 -> (artifact id: 'b38aeb9077001c4d051ee83d8b3bda58') in 0.029502 seconds
Number of updated asset objects reloaded before import = 0
Number of asset objects unloaded after import = 11
========================================================================
Received Import Request.
  Time since last request: 0.000031 seconds.
  path: Assets/Downtown Game Studio/LOW POLY ASSETS - Animated Traps & Obstacles + VFX/Prefabs/Obstacle 11 V4.prefab
  artifactKey: Guid(43eee724e1c314a4eae8e9074bfdb105) Importer(815301076,1909f56bfc062723c751e8b465ee728b)
Start importing Assets/Downtown Game Studio/LOW POLY ASSETS - Animated Traps & Obstacles + VFX/Prefabs/Obstacle 11 V4.prefab using Guid(43eee724e1c314a4eae8e9074bfdb105) Importer(815301076,1909f56bfc062723c751e8b465ee728b) [PhysX] Initialized MultithreadedTaskDispatcher with 16 workers.
[PhysX] Initialized MultithreadedTaskDispatcher with 16 workers.
 -> (artifact id: '48963f3cc123ccbf8694bbe7e5d24c04') in 0.031017 seconds
Number of updated asset objects reloaded before import = 0
Number of asset objects unloaded after import = 23
========================================================================
Received Import Request.
  Time since last request: 0.000023 seconds.
  path: Assets/Downtown Game Studio/LOW POLY ASSETS - Animated Traps & Obstacles + VFX/Prefabs/Obstacle 5 V2.prefab
  artifactKey: Guid(8af00bb8ee9d89f4486bf9832874b0c9) Importer(815301076,1909f56bfc062723c751e8b465ee728b)
Start importing Assets/Downtown Game Studio/LOW POLY ASSETS - Animated Traps & Obstacles + VFX/Prefabs/Obstacle 5 V2.prefab using Guid(8af00bb8ee9d89f4486bf9832874b0c9) Importer(815301076,1909f56bfc062723c751e8b465ee728b) [PhysX] Initialized MultithreadedTaskDispatcher with 16 workers.
[PhysX] Initialized MultithreadedTaskDispatcher with 16 workers.
 -> (artifact id: '0ad6192db3f1027bb024b90861830f3d') in 0.047919 seconds
Number of updated asset objects reloaded before import = 0
Number of asset objects unloaded after import = 23
========================================================================
Received Import Request.
  Time since last request: 0.000028 seconds.
  path: Assets/Downtown Game Studio/LOW POLY ASSETS - Animated Traps & Obstacles + VFX/Prefabs/Obstacle 10 V4.prefab
  artifactKey: Guid(d3e7d0fb5e9cbb2428ca43ec32a0dfea) Importer(815301076,1909f56bfc062723c751e8b465ee728b)
Start importing Assets/Downtown Game Studio/LOW POLY ASSETS - Animated Traps & Obstacles + VFX/Prefabs/Obstacle 10 V4.prefab using Guid(d3e7d0fb5e9cbb2428ca43ec32a0dfea) Importer(815301076,1909f56bfc062723c751e8b465ee728b) [PhysX] Initialized MultithreadedTaskDispatcher with 16 workers.
[PhysX] Initialized MultithreadedTaskDispatcher with 16 workers.
 -> (artifact id: 'a5911dcca8f8977c31ec7ad504609643') in 0.033685 seconds
Number of updated asset objects reloaded before import = 0
Number of asset objects unloaded after import = 23
========================================================================
Received Import Request.
  Time since last request: 0.000033 seconds.
  path: Assets/Downtown Game Studio/LOW POLY ASSETS - Animated Traps & Obstacles + VFX/Prefabs/Obstacle 10 V1.prefab
  artifactKey: Guid(924cf7c166620d04a945e7fffe77a347) Importer(815301076,1909f56bfc062723c751e8b465ee728b)
Start importing Assets/Downtown Game Studio/LOW POLY ASSETS - Animated Traps & Obstacles + VFX/Prefabs/Obstacle 10 V1.prefab using Guid(924cf7c166620d04a945e7fffe77a347) Importer(815301076,1909f56bfc062723c751e8b465ee728b) [PhysX] Initialized MultithreadedTaskDispatcher with 16 workers.
[PhysX] Initialized MultithreadedTaskDispatcher with 16 workers.
 -> (artifact id: 'b806b4868b8f12dda78d7288df62f516') in 0.036384 seconds
Number of updated asset objects reloaded before import = 0
Number of asset objects unloaded after import = 23
========================================================================
Received Import Request.
  Time since last request: 0.000035 seconds.
  path: Assets/Downtown Game Studio/LOW POLY ASSETS - Animated Traps & Obstacles + VFX/Prefabs/Obstacle 5 V1.prefab
  artifactKey: Guid(94d9d7969fab69040bde73f627a79db1) Importer(815301076,1909f56bfc062723c751e8b465ee728b)
Start importing Assets/Downtown Game Studio/LOW POLY ASSETS - Animated Traps & Obstacles + VFX/Prefabs/Obstacle 5 V1.prefab using Guid(94d9d7969fab69040bde73f627a79db1) Importer(815301076,1909f56bfc062723c751e8b465ee728b) [PhysX] Initialized MultithreadedTaskDispatcher with 16 workers.
[PhysX] Initialized MultithreadedTaskDispatcher with 16 workers.
 -> (artifact id: '15af20deb8d57f3f561254509bee045f') in 0.039853 seconds
Number of updated asset objects reloaded before import = 0
Number of asset objects unloaded after import = 23
========================================================================
Received Import Request.
  Time since last request: 0.000039 seconds.
  path: Assets/Downtown Game Studio/LOW POLY ASSETS - Animated Traps & Obstacles + VFX/Prefabs/Obstacle 4 V2.prefab
  artifactKey: Guid(4482d8bc4a2d6cb4e9cb866bbd0b1204) Importer(815301076,1909f56bfc062723c751e8b465ee728b)
Start importing Assets/Downtown Game Studio/LOW POLY ASSETS - Animated Traps & Obstacles + VFX/Prefabs/Obstacle 4 V2.prefab using Guid(4482d8bc4a2d6cb4e9cb866bbd0b1204) Importer(815301076,1909f56bfc062723c751e8b465ee728b) [PhysX] Initialized MultithreadedTaskDispatcher with 16 workers.
[PhysX] Initialized MultithreadedTaskDispatcher with 16 workers.
 -> (artifact id: 'e22e44f33978a713c687f53bd440d042') in 0.033237 seconds
Number of updated asset objects reloaded before import = 0
Number of asset objects unloaded after import = 23
========================================================================
Received Import Request.
  Time since last request: 0.000029 seconds.
  path: Assets/Downtown Game Studio/LOW POLY ASSETS - Animated Traps & Obstacles + VFX/Prefabs/Obstacle 9 V4.prefab
  artifactKey: Guid(b28c6e3ee7aa17c408d7a3c5c083993d) Importer(815301076,1909f56bfc062723c751e8b465ee728b)
Start importing Assets/Downtown Game Studio/LOW POLY ASSETS - Animated Traps & Obstacles + VFX/Prefabs/Obstacle 9 V4.prefab using Guid(b28c6e3ee7aa17c408d7a3c5c083993d) Importer(815301076,1909f56bfc062723c751e8b465ee728b) [PhysX] Initialized MultithreadedTaskDispatcher with 16 workers.
[PhysX] Initialized MultithreadedTaskDispatcher with 16 workers.
 -> (artifact id: 'e5fd008d85f4d045c814dfd2966cd351') in 0.040052 seconds
Number of updated asset objects reloaded before import = 0
Number of asset objects unloaded after import = 23
========================================================================
Received Import Request.
  Time since last request: 0.000028 seconds.
  path: Assets/Downtown Game Studio/LOW POLY ASSETS - Animated Traps & Obstacles + VFX/Prefabs/Obstacle 2 V4.prefab
  artifactKey: Guid(f6c2b4d835b42854dac6d910ccd234ff) Importer(815301076,1909f56bfc062723c751e8b465ee728b)
Start importing Assets/Downtown Game Studio/LOW POLY ASSETS - Animated Traps & Obstacles + VFX/Prefabs/Obstacle 2 V4.prefab using Guid(f6c2b4d835b42854dac6d910ccd234ff) Importer(815301076,1909f56bfc062723c751e8b465ee728b) [PhysX] Initialized MultithreadedTaskDispatcher with 16 workers.
[PhysX] Initialized MultithreadedTaskDispatcher with 16 workers.
 -> (artifact id: '0b14919bcdb7e4000d1c26ef046abf29') in 0.039957 seconds
Number of updated asset objects reloaded before import = 0
Number of asset objects unloaded after import = 23
========================================================================
Received Import Request.
  Time since last request: 0.000030 seconds.
  path: Assets/Downtown Game Studio/LOW POLY ASSETS - Animated Traps & Obstacles + VFX/Prefabs/Obstacle 13 V3.prefab
  artifactKey: Guid(960c780b200a7844fa6d0e5acd8669e0) Importer(815301076,1909f56bfc062723c751e8b465ee728b)
Start importing Assets/Downtown Game Studio/LOW POLY ASSETS - Animated Traps & Obstacles + VFX/Prefabs/Obstacle 13 V3.prefab using Guid(960c780b200a7844fa6d0e5acd8669e0) Importer(815301076,1909f56bfc062723c751e8b465ee728b) [PhysX] Initialized MultithreadedTaskDispatcher with 16 workers.
[PhysX] Initialized MultithreadedTaskDispatcher with 16 workers.
 -> (artifact id: 'd1c195b32f56b12ab8e707f83f12b16c') in 0.035486 seconds
Number of updated asset objects reloaded before import = 0
Number of asset objects unloaded after import = 23
========================================================================
Received Prepare
Caller must complete domain reload
Begin MonoManager ReloadAssembly
Symbol file LoadedFromMemory is not a mono symbol file
- Loaded All Assemblies, in  0.794 seconds
Native extension for WindowsStandalone target not found
Native extension for WebGL target not found
[Package Manager] Server::EnsureServerProcessIsRunning -- launch failed, reason: Unity was launched with the -noUpm command-line argument
[Package Manager] UpmClient::Send -- Unable to send message (not connected to UPM process).
[Package Manager] Cannot connect to Unity Package Manager local server
Mono: successfully reloaded assembly
- Finished resetting the current domain, in  2.172 seconds
Domain Reload Profiling: 2953ms
	BeginReloadAssembly (240ms)
		ExecutionOrderSort (0ms)
		DisableScriptedObjects (9ms)
		BackupInstance (0ms)
		ReleaseScriptingObjects (0ms)
		CreateAndSetChildDomain (69ms)
	RebuildCommonClasses (47ms)
	RebuildNativeTypeToScriptingClass (17ms)
	initialDomainReloadingComplete (53ms)
	LoadAllAssembliesAndSetupDomain (423ms)
		LoadAssemblies (508ms)
		RebuildTransferFunctionScriptingTraits (0ms)
		AnalyzeDomain (26ms)
			TypeCache.Refresh (12ms)
				TypeCache.ScanAssembly (0ms)
			ScanForSourceGeneratedMonoScriptInfo (0ms)
			ResolveRequiredComponents (11ms)
	FinalizeReload (2173ms)
		ReleaseScriptCaches (0ms)
		RebuildScriptCaches (0ms)
		SetupLoadedEditorAssemblies (1084ms)
			LogAssemblyErrors (0ms)
			InitializePlatformSupportModulesInManaged (10ms)
			SetLoadedEditorAssemblies (8ms)
			RefreshPlugins (0ms)
			BeforeProcessingInitializeOnLoad (113ms)
			ProcessInitializeOnLoadAttributes (728ms)
			ProcessInitializeOnLoadMethodAttributes (210ms)
			AfterProcessingInitializeOnLoad (14ms)
			EditorAssembliesLoaded (1ms)
		ExecutionOrderSort2 (0ms)
		AwakeInstancesAfterBackupRestoration (13ms)
Shader 'Main': fallback shader 'Hidden/Shader Graph/FallbackError' not found
Shader 'Water': fallback shader 'Hidden/Shader Graph/FallbackError' not found
Shader 'Main': fallback shader 'Hidden/Shader Graph/FallbackError' not found
Shader 'Water': fallback shader 'Hidden/Shader Graph/FallbackError' not found
Refreshing native plugins compatible for Editor in 25.09 ms, found 3 plugins.
Preloading 0 native plugins for Editor in 0.00 ms.
Unloading 4752 Unused Serialized files (Serialized files now loaded: 0)
Unloading 21 unused Assets / (0.9 MB). Loaded Objects now: 5320.
Memory consumption went from 164.5 MB to 163.7 MB.
Total: 13.524500 ms (FindLiveObjects: 0.392300 ms CreateObjectMapping: 0.175800 ms MarkObjects: 12.403200 ms  DeleteObjects: 0.551500 ms)

Prepare: number of updated asset objects reloaded= 0
AssetImportParameters requested are different than current active one (requested -> active):
  custom:container-demuxer-ogg: 62fdf1f143b41e24485cea50d1cbac27 -> 
  custom:video-codec-MediaFoundation-h265: 746d11721c4dcdbdad8f713fa42b33f4 -> 
  custom:video-decoder-ogg-theora: a1e56fd34408186e4bbccfd4996cb3dc -> 
  custom:framework-win-MediaFoundation: 216162199b28c13a410421893ffa2e32 -> 
  custom:CustomObjectIndexerAttribute: 9a22284fe3817be447336de3de66b15e -> 
  custom:container-demuxer-webm: 4f35f7cbe854078d1ac9338744f61a02 -> 
  custom:container-muxer-webm: aa71ff27fc2769a1b78a27578f13a17b -> 
  custom:video-decoder-webm-vp8: 9c59270c3fd7afecdb556c50c9e8de78 -> 
  custom:SearchIndexIgnoredProperties: e643bd26f0fe6173181afceb89e7c659 -> 
  custom:AudioImporter_EditorPlatform: d09bf68614088b80899f8185d706f6e7 -> 
  custom:video-encoder-webm-vp8: eb34c28f22e8b96e1ab97ce403110664 -> 
  custom:audio-decoder-ogg-vorbis: bf7c407c2cedff20999df2af8eb42d56 -> 
  custom:audio-encoder-webm-vorbis: bf7c407c2cedff20999df2af8eb42d56 -> 
Editor requested this worker to shutdown with reason: Scaling down because of idle timeout
TcpMessagingSession - receive error: operation aborted. errorcode: 995, details: ߳˳Ӧóֹ I/O 
AssetImportWorker is now disconnected from the server
Process exiting
Exiting without the bug reporter. Application will terminate with return code 0